[01m[K/home/null/ros_ws/ur_robot/src/twist_service/src/twist_service.cpp:3:30:[m[K [01;31m[Kfatal error: [m[Kur_msgs/IOStates.h: æ²¡æœ‰é‚£ä¸ªæ–‡ä»¶æˆ–ç›®å½•
compilation terminated.
make[2]: *** [CMakeFiles/twist_service_node.dir/src/twist_service.cpp.o] Error 1
make[1]: *** [CMakeFiles/twist_service_node.dir/all] Error 2
make: *** [all] Error 2
